<?xml version="1.0" encoding="UTF-8"?>
<!-- Generated by org.testng.reporters.JUnitXMLReporter -->
<testsuite ignored="0" hostname="DESKTOP-N2O8J3T" failures="0" tests="3" name="Default test" time="18.221" errors="0" timestamp="2024-08-16T10:52:54 IST">
  <testcase classname="testng.ExcelReading" name="login" time="5.308"/>
  <testcase classname="testng.ExcelReading" name="login" time="5.805"/>
  <testcase classname="testng.ExcelReading" name="login" time="5.548"/>
</testsuite> <!-- Default test -->
