<?xml version="1.0" encoding="UTF-8"?>
<!-- Generated by org.testng.reporters.JUnitXMLReporter -->
<testsuite ignored="1" hostname="DESKTOP-N2O8J3T" failures="1" tests="1" name="Test(failed)" time="8.413" errors="0" timestamp="2024-08-09T10:31:15 IST">
  <testcase classname="listeners.TestCase" name="login" time="1.176">
    <failure type="java.lang.AssertionError" message="expected [Facebook – log in or sign] but found [Facebook – log in or sign up]">
      <![CDATA[java.lang.AssertionError: expected [Facebook – log in or sign] but found [Facebook – log in or sign up]
at listeners.TestCase.login(TestCase.java:36)
at java.base/java.util.ArrayList.forEach(ArrayList.java:1511)
... Removed 31 stack frames]]>
    </failure>
  </testcase> <!-- login -->
  <testcase classname="listeners.TestCase" name="homepage" time="0.0">
    <ignored/>
  </testcase> <!-- homepage -->
</testsuite> <!-- Test(failed) -->
