<?xml version="1.0" encoding="UTF-8"?>
<testng-results ignored="0" total="3" passed="3" failed="0" skipped="0">
  <reporter-output>
  </reporter-output>
  <suite started-at="2024-08-16T10:52:36 IST" name="Default suite" finished-at="2024-08-16T10:52:54 IST" duration-ms="18221">
    <groups>
    </groups>
    <test started-at="2024-08-16T10:52:36 IST" name="Default test" finished-at="2024-08-16T10:52:54 IST" duration-ms="18221">
      <class name="testng.ExcelReading">
        <test-method signature="login(java.lang.String,java.lang.String)[pri:0, instance:testng.ExcelReading@408d971b]" started-at="2024-08-16T10:52:38 IST" name="login" data-provider="getData" finished-at="2024-08-16T10:52:43 IST" duration-ms="5308" status="PASS">
          <params>
            <param index="0">
              <value>
                <![CDATA[java]]>
              </value>
            </param>
            <param index="1">
              <value>
                <![CDATA[123]]>
              </value>
            </param>
          </params>
          <reporter-output>
          </reporter-output>
        </test-method> <!-- login -->
        <test-method signature="login(java.lang.String,java.lang.String)[pri:0, instance:testng.ExcelReading@408d971b]" started-at="2024-08-16T10:52:43 IST" name="login" data-provider="getData" finished-at="2024-08-16T10:52:49 IST" duration-ms="5805" status="PASS">
          <params>
            <param index="0">
              <value>
                <![CDATA[selenium]]>
              </value>
            </param>
            <param index="1">
              <value>
                <![CDATA[456]]>
              </value>
            </param>
          </params>
          <reporter-output>
          </reporter-output>
        </test-method> <!-- login -->
        <test-method signature="login(java.lang.String,java.lang.String)[pri:0, instance:testng.ExcelReading@408d971b]" started-at="2024-08-16T10:52:49 IST" name="login" data-provider="getData" finished-at="2024-08-16T10:52:54 IST" duration-ms="5548" status="PASS">
          <params>
            <param index="0">
              <value>
                <![CDATA[testng]]>
              </value>
            </param>
            <param index="1">
              <value>
                <![CDATA[789]]>
              </value>
            </param>
          </params>
          <reporter-output>
          </reporter-output>
        </test-method> <!-- login -->
      </class> <!-- testng.ExcelReading -->
    </test> <!-- Default test -->
  </suite> <!-- Default suite -->
</testng-results>
